# JRE version: OpenJDK Runtime Environment (7.0_65-b32) (build 1.7.0_65-b32)
# Java VM: OpenJDK 64-Bit Server VM (24.65-b04 mixed mode linux-amd64 compressed oops)
Heap
 def new generation   total 5504K, used 4051K [0x00000000d1c00000, 0x00000000d21f0000, 0x00000000ddb50000)
  eden space 4928K,  70% used [0x00000000d1c00000, 0x00000000d1f64de0, 0x00000000d20d0000)
  from space 576K, 100% used [0x00000000d2160000, 0x00000000d21f0000, 0x00000000d21f0000)
  to   space 576K,   0% used [0x00000000d20d0000, 0x00000000d20d0000, 0x00000000d2160000)
 tenured generation   total 12288K, used 10319K [0x00000000ddb50000, 0x00000000de750000, 0x00000000f5a00000)
   the space 12288K,  83% used [0x00000000ddb50000, 0x00000000de563d08, 0x00000000de563e00, 0x00000000de750000)
 compacting perm gen  total 21248K, used 14377K [0x00000000f5a00000, 0x00000000f6ec0000, 0x0000000100000000)
   the space 21248K,  67% used [0x00000000f5a00000, 0x00000000f680a510, 0x00000000f680a600, 0x00000000f6ec0000)
GC Heap History (6 events):
Event: 0.962 GC heap before
{Heap before GC invocations=0 (full 0):
 def new generation   total 5504K, used 4928K [0x00000000d1c00000, 0x00000000d21f0000, 0x00000000ddb50000)
  eden space 4928K, 100% used [0x00000000d1c00000, 0x00000000d20d0000, 0x00000000d20d0000)
  from space 576K,   0% used [0x00000000d20d0000, 0x00000000d20d0000, 0x00000000d2160000)
  to   space 576K,   0% used [0x00000000d2160000, 0x00000000d2160000, 0x00000000d21f0000)
 tenured generation   total 12288K, used 9000K [0x00000000ddb50000, 0x00000000de750000, 0x00000000f5a00000)
   the space 12288K,  73% used [0x00000000ddb50000, 0x00000000de41a010, 0x00000000de41a200, 0x00000000de750000)
 compacting perm gen  total 21248K, used 7376K [0x00000000f5a00000, 0x00000000f6ec0000, 0x0000000100000000)
   the space 21248K,  34% used [0x00000000f5a00000, 0x00000000f6134038, 0x00000000f6134200, 0x00000000f6ec0000)
No shared spaces configured.
Event: 0.970 GC heap after
Heap after GC invocations=1 (full 0):
 def new generation   total 5504K, used 576K [0x00000000d1c00000, 0x00000000d21f0000, 0x00000000ddb50000)
  eden space 4928K,   0% used [0x00000000d1c00000, 0x00000000d1c00000, 0x00000000d20d0000)
  from space 576K, 100% used [0x00000000d2160000, 0x00000000d21f0000, 0x00000000d21f0000)
  to   space 576K,   0% used [0x00000000d20d0000, 0x00000000d20d0000, 0x00000000d2160000)
 tenured generation   total 12288K, used 9236K [0x00000000ddb50000, 0x00000000de750000, 0x00000000f5a00000)
   the space 12288K,  75% used [0x00000000ddb50000, 0x00000000de455190, 0x00000000de455200, 0x00000000de750000)
 compacting perm gen  total 21248K, used 7376K [0x00000000f5a00000, 0x00000000f6ec0000, 0x0000000100000000)
   the space 21248K,  34% used [0x00000000f5a00000, 0x00000000f6134038, 0x00000000f6134200, 0x00000000f6ec0000)
No shared spaces configured.
}
Event: 0.984 GC heap before
{Heap before GC invocations=1 (full 0):
 def new generation   total 5504K, used 5498K [0x00000000d1c00000, 0x00000000d21f0000, 0x00000000ddb50000)
  eden space 4928K,  99% used [0x00000000d1c00000, 0x00000000d20cea68, 0x00000000d20d0000)
  from space 576K, 100% used [0x00000000d2160000, 0x00000000d21f0000, 0x00000000d21f0000)
  to   space 576K,   0% used [0x00000000d20d0000, 0x00000000d20d0000, 0x00000000d2160000)
 tenured generation   total 12288K, used 9236K [0x00000000ddb50000, 0x00000000de750000, 0x00000000f5a00000)
   the space 12288K,  75% used [0x00000000ddb50000, 0x00000000de455190, 0x00000000de455200, 0x00000000de750000)
 compacting perm gen  total 21248K, used 7379K [0x00000000f5a00000, 0x00000000f6ec0000, 0x0000000100000000)
   the space 21248K,  34% used [0x00000000f5a00000, 0x00000000f6134c80, 0x00000000f6134e00, 0x00000000f6ec0000)
No shared spaces configured.
Event: 0.988 GC heap after
Heap after GC invocations=2 (full 0):
 def new generation   total 5504K, used 0K [0x00000000d1c00000, 0x00000000d21f0000, 0x00000000ddb50000)
  eden space 4928K,   0% used [0x00000000d1c00000, 0x00000000d1c00000, 0x00000000d20d0000)
  from space 576K,   0% used [0x00000000d20d0000, 0x00000000d20d00e8, 0x00000000d2160000)
  to   space 576K,   0% used [0x00000000d2160000, 0x00000000d2160000, 0x00000000d21f0000)
 tenured generation   total 12288K, used 9812K [0x00000000ddb50000, 0x00000000de750000, 0x00000000f5a00000)
   the space 12288K,  79% used [0x00000000ddb50000, 0x00000000de4e5028, 0x00000000de4e5200, 0x00000000de750000)
 compacting perm gen  total 21248K, used 7379K [0x00000000f5a00000, 0x00000000f6ec0000, 0x0000000100000000)
   the space 21248K,  34% used [0x00000000f5a00000, 0x00000000f6134c80, 0x00000000f6134e00, 0x00000000f6ec0000)
No shared spaces configured.
}
Event: 1.382 GC heap before
{Heap before GC invocations=2 (full 0):
 def new generation   total 5504K, used 4928K [0x00000000d1c00000, 0x00000000d21f0000, 0x00000000ddb50000)
  eden space 4928K, 100% used [0x00000000d1c00000, 0x00000000d20d0000, 0x00000000d20d0000)
  from space 576K,   0% used [0x00000000d20d0000, 0x00000000d20d00e8, 0x00000000d2160000)
  to   space 576K,   0% used [0x00000000d2160000, 0x00000000d2160000, 0x00000000d21f0000)
 tenured generation   total 12288K, used 9812K [0x00000000ddb50000, 0x00000000de750000, 0x00000000f5a00000)
   the space 12288K,  79% used [0x00000000ddb50000, 0x00000000de4e5028, 0x00000000de4e5200, 0x00000000de750000)
 compacting perm gen  total 21248K, used 11143K [0x00000000f5a00000, 0x00000000f6ec0000, 0x0000000100000000)
   the space 21248K,  52% used [0x00000000f5a00000, 0x00000000f64e1f28, 0x00000000f64e2000, 0x00000000f6ec0000)
No shared spaces configured.
Event: 1.390 GC heap after
Heap after GC invocations=3 (full 0):
 def new generation   total 5504K, used 576K [0x00000000d1c00000, 0x00000000d21f0000, 0x00000000ddb50000)
  eden space 4928K,   0% used [0x00000000d1c00000, 0x00000000d1c00000, 0x00000000d20d0000)
  from space 576K, 100% used [0x00000000d2160000, 0x00000000d21f0000, 0x00000000d21f0000)
  to   space 576K,   0% used [0x00000000d20d0000, 0x00000000d20d0000, 0x00000000d2160000)
 tenured generation   total 12288K, used 10319K [0x00000000ddb50000, 0x00000000de750000, 0x00000000f5a00000)
   the space 12288K,  83% used [0x00000000ddb50000, 0x00000000de563d08, 0x00000000de563e00, 0x00000000de750000)
 compacting perm gen  total 21248K, used 11143K [0x00000000f5a00000, 0x00000000f6ec0000, 0x0000000100000000)
   the space 21248K,  52% used [0x00000000f5a00000, 0x00000000f64e1f28, 0x00000000f64e2000, 0x00000000f6ec0000)
No shared spaces configured.
}

