# JRE version: OpenJDK Runtime Environment (7.0_65-b32) (build 1.7.0_65-b32)
# Java VM: OpenJDK 64-Bit Server VM (24.65-b04 mixed mode linux-amd64 compressed oops)
Heap
 def new generation   total 5504K, used 4155K [0x00000000d1c00000, 0x00000000d21f0000, 0x00000000ddb50000)
  eden space 4928K,  72% used [0x00000000d1c00000, 0x00000000d1f7ed00, 0x00000000d20d0000)
  from space 576K, 100% used [0x00000000d2160000, 0x00000000d21f0000, 0x00000000d21f0000)
  to   space 576K,   0% used [0x00000000d20d0000, 0x00000000d20d0000, 0x00000000d2160000)
 tenured generation   total 12288K, used 10378K [0x00000000ddb50000, 0x00000000de750000, 0x00000000f5a00000)
   the space 12288K,  84% used [0x00000000ddb50000, 0x00000000de572938, 0x00000000de572a00, 0x00000000de750000)
 compacting perm gen  total 21248K, used 14366K [0x00000000f5a00000, 0x00000000f6ec0000, 0x0000000100000000)
   the space 21248K,  67% used [0x00000000f5a00000, 0x00000000f6807ba8, 0x00000000f6807c00, 0x00000000f6ec0000)
GC Heap History (6 events):
Event: 3.283 GC heap before
{Heap before GC invocations=0 (full 0):
 def new generation   total 5504K, used 4928K [0x00000000d1c00000, 0x00000000d21f0000, 0x00000000ddb50000)
  eden space 4928K, 100% used [0x00000000d1c00000, 0x00000000d20d0000, 0x00000000d20d0000)
  from space 576K,   0% used [0x00000000d20d0000, 0x00000000d20d0000, 0x00000000d2160000)
  to   space 576K,   0% used [0x00000000d2160000, 0x00000000d2160000, 0x00000000d21f0000)
 tenured generation   total 12288K, used 9000K [0x00000000ddb50000, 0x00000000de750000, 0x00000000f5a00000)
   the space 12288K,  73% used [0x00000000ddb50000, 0x00000000de41a010, 0x00000000de41a200, 0x00000000de750000)
 compacting perm gen  total 21248K, used 7376K [0x00000000f5a00000, 0x00000000f6ec0000, 0x0000000100000000)
   the space 21248K,  34% used [0x00000000f5a00000, 0x00000000f6134038, 0x00000000f6134200, 0x00000000f6ec0000)
No shared spaces configured.
Event: 3.291 GC heap after
Heap after GC invocations=1 (full 0):
 def new generation   total 5504K, used 576K [0x00000000d1c00000, 0x00000000d21f0000, 0x00000000ddb50000)
  eden space 4928K,   0% used [0x00000000d1c00000, 0x00000000d1c00000, 0x00000000d20d0000)
  from space 576K, 100% used [0x00000000d2160000, 0x00000000d21f0000, 0x00000000d21f0000)
  to   space 576K,   0% used [0x00000000d20d0000, 0x00000000d20d0000, 0x00000000d2160000)
 tenured generation   total 12288K, used 9236K [0x00000000ddb50000, 0x00000000de750000, 0x00000000f5a00000)
   the space 12288K,  75% used [0x00000000ddb50000, 0x00000000de455190, 0x00000000de455200, 0x00000000de750000)
 compacting perm gen  total 21248K, used 7376K [0x00000000f5a00000, 0x00000000f6ec0000, 0x0000000100000000)
   the space 21248K,  34% used [0x00000000f5a00000, 0x00000000f6134038, 0x00000000f6134200, 0x00000000f6ec0000)
No shared spaces configured.
}
Event: 3.306 GC heap before
{Heap before GC invocations=1 (full 0):
 def new generation   total 5504K, used 5504K [0x00000000d1c00000, 0x00000000d21f0000, 0x00000000ddb50000)
  eden space 4928K, 100% used [0x00000000d1c00000, 0x00000000d20d0000, 0x00000000d20d0000)
  from space 576K, 100% used [0x00000000d2160000, 0x00000000d21f0000, 0x00000000d21f0000)
  to   space 576K,   0% used [0x00000000d20d0000, 0x00000000d20d0000, 0x00000000d2160000)
 tenured generation   total 12288K, used 9236K [0x00000000ddb50000, 0x00000000de750000, 0x00000000f5a00000)
   the space 12288K,  75% used [0x00000000ddb50000, 0x00000000de455190, 0x00000000de455200, 0x00000000de750000)
 compacting perm gen  total 21248K, used 7379K [0x00000000f5a00000, 0x00000000f6ec0000, 0x0000000100000000)
   the space 21248K,  34% used [0x00000000f5a00000, 0x00000000f6134c80, 0x00000000f6134e00, 0x00000000f6ec0000)
No shared spaces configured.
Event: 3.312 GC heap after
Heap after GC invocations=2 (full 0):
 def new generation   total 5504K, used 0K [0x00000000d1c00000, 0x00000000d21f0000, 0x00000000ddb50000)
  eden space 4928K,   0% used [0x00000000d1c00000, 0x00000000d1c00000, 0x00000000d20d0000)
  from space 576K,   0% used [0x00000000d20d0000, 0x00000000d20d00e8, 0x00000000d2160000)
  to   space 576K,   0% used [0x00000000d2160000, 0x00000000d2160000, 0x00000000d21f0000)
 tenured generation   total 12288K, used 9812K [0x00000000ddb50000, 0x00000000de750000, 0x00000000f5a00000)
   the space 12288K,  79% used [0x00000000ddb50000, 0x00000000de4e5028, 0x00000000de4e5200, 0x00000000de750000)
 compacting perm gen  total 21248K, used 7379K [0x00000000f5a00000, 0x00000000f6ec0000, 0x0000000100000000)
   the space 21248K,  34% used [0x00000000f5a00000, 0x00000000f6134c80, 0x00000000f6134e00, 0x00000000f6ec0000)
No shared spaces configured.
}
Event: 4.318 GC heap before
{Heap before GC invocations=2 (full 0):
 def new generation   total 5504K, used 4879K [0x00000000d1c00000, 0x00000000d21f0000, 0x00000000ddb50000)
  eden space 4928K,  99% used [0x00000000d1c00000, 0x00000000d20c3b58, 0x00000000d20d0000)
  from space 576K,   0% used [0x00000000d20d0000, 0x00000000d20d00e8, 0x00000000d2160000)
  to   space 576K,   0% used [0x00000000d2160000, 0x00000000d2160000, 0x00000000d21f0000)
 tenured generation   total 12288K, used 9812K [0x00000000ddb50000, 0x00000000de750000, 0x00000000f5a00000)
   the space 12288K,  79% used [0x00000000ddb50000, 0x00000000de4e5028, 0x00000000de4e5200, 0x00000000de750000)
 compacting perm gen  total 21248K, used 11063K [0x00000000f5a00000, 0x00000000f6ec0000, 0x0000000100000000)
   the space 21248K,  52% used [0x00000000f5a00000, 0x00000000f64cdc00, 0x00000000f64cdc00, 0x00000000f6ec0000)
No shared spaces configured.
Event: 4.327 GC heap after
Heap after GC invocations=3 (full 0):
 def new generation   total 5504K, used 576K [0x00000000d1c00000, 0x00000000d21f0000, 0x00000000ddb50000)
  eden space 4928K,   0% used [0x00000000d1c00000, 0x00000000d1c00000, 0x00000000d20d0000)
  from space 576K, 100% used [0x00000000d2160000, 0x00000000d21f0000, 0x00000000d21f0000)
  to   space 576K,   0% used [0x00000000d20d0000, 0x00000000d20d0000, 0x00000000d2160000)
 tenured generation   total 12288K, used 10378K [0x00000000ddb50000, 0x00000000de750000, 0x00000000f5a00000)
   the space 12288K,  84% used [0x00000000ddb50000, 0x00000000de572938, 0x00000000de572a00, 0x00000000de750000)
 compacting perm gen  total 21248K, used 11063K [0x00000000f5a00000, 0x00000000f6ec0000, 0x0000000100000000)
   the space 21248K,  52% used [0x00000000f5a00000, 0x00000000f64cdc00, 0x00000000f64cdc00, 0x00000000f6ec0000)
No shared spaces configured.
}

